\BOOKMARK [1][-]{section.1}{\376\377\004\023\004\073\004\076\004\101\004\101\004\060\004\100\004\070\004\071}{}% 1
\BOOKMARK [1][-]{section.2}{\376\377\004\042\004\065\004\105\004\075\004\070\004\107\004\065\004\101\004\072\004\076\004\065\000\040\004\067\004\060\004\064\004\060\004\075\004\070\004\065}{}% 2
\BOOKMARK [2][-]{subsection.2.1}{\376\377\004\055\004\102\004\060\004\077\000\040\004\077\004\065\004\100\004\062\004\113\004\071}{section.2}% 3
\BOOKMARK [2][-]{subsection.2.2}{\376\377\004\055\004\102\004\060\004\077\000\040\004\062\004\102\004\076\004\100\004\076\004\071}{section.2}% 4
\BOOKMARK [1][-]{section.3}{\376\377\004\036\004\061\004\067\004\076\004\100\000\040\004\060\004\075\004\060\004\073\004\076\004\063\004\076\004\062}{}% 5
\BOOKMARK [2][-]{subsection.3.1}{\376\377\004\041\004\102\004\060\004\075\004\064\004\060\004\100\004\102\004\113}{section.3}% 6
\BOOKMARK [2][-]{subsection.3.2}{\376\377\004\021\004\070\004\061\004\073\004\070\004\076\004\102\004\065\004\072\004\070}{section.3}% 7
\BOOKMARK [1][-]{section.4}{\376\377\004\036\004\101\004\076\004\061\004\065\004\075\004\075\004\076\004\101\004\102\004\070\000\040\004\062\004\113\004\107\004\070\004\101\004\073\004\065\004\075\004\070\004\071\000\040\004\075\004\060\000\040\000G\000P\000U}{}% 8
\BOOKMARK [2][-]{subsection.4.1}{\376\377\004\037\004\100\004\065\004\070\004\074\004\103\004\111\004\065\004\101\004\102\004\062\004\060\000\040\004\077\004\065\004\100\004\065\004\064\000\040\004\100\004\065\004\110\004\065\004\075\004\070\004\065\004\074\000\040\004\075\004\060\000\040\004\046\004\037}{section.4}% 9
\BOOKMARK [2][-]{subsection.4.2}{\376\377\004\023\004\100\004\060\004\104\004\070\004\107\004\065\004\101\004\072\004\070\004\071\000\040\004\072\004\076\004\075\004\062\004\065\004\071\004\065\004\100}{section.4}% 10
\BOOKMARK [2][-]{subsection.4.3}{\376\377\004\057\004\067\004\113\004\072\000\040\004\110\004\065\004\071\004\064\004\065\004\100\004\076\004\062}{section.4}% 11
\BOOKMARK [2][-]{subsection.4.4}{\376\377\004\032\004\060\004\064\004\100\004\076\004\062\004\113\004\065\000\040\004\061\004\103\004\104\004\065\004\100\004\113}{section.4}% 12
\BOOKMARK [1][-]{section.5}{\376\377\004\040\004\065\004\060\004\073\004\070\004\067\004\060\004\106\004\070\004\117}{}% 13
\BOOKMARK [2][-]{subsection.5.1}{\376\377\004\042\004\065\004\105\004\075\004\076\004\073\004\076\004\063\004\070\004\070\000\040\004\070\000\040\004\061\004\070\004\061\004\073\004\070\004\076\004\102\004\065\004\072\004\070}{section.5}% 14
\BOOKMARK [2][-]{subsection.5.2}{\376\377\004\036\004\061\004\111\004\060\004\117\000\040\004\060\004\100\004\105\004\070\004\102\004\065\004\072\004\102\004\103\004\100\004\060}{section.5}% 15
\BOOKMARK [2][-]{subsection.5.3}{\376\377\004\022\004\070\004\067\004\103\004\060\004\073\004\114\004\075\004\113\004\065\000\040\004\077\004\100\004\065\004\064\004\101\004\102\004\060\004\062\004\073\004\065\004\075\004\070\004\117}{section.5}% 16
\BOOKMARK [2][-]{subsection.5.4}{\376\377\004\022\004\067\004\060\004\070\004\074\004\076\004\064\004\065\004\071\004\101\004\102\004\062\004\070\004\065\000\040\004\077\004\076\004\073\004\114\004\067\004\076\004\062\004\060\004\102\004\065\004\073\004\117\000\040\004\101\000\040\004\101\004\070\004\074\004\103\004\073\004\117\004\106\004\070\004\065\004\071}{section.5}% 17
\BOOKMARK [3][-]{subsubsection.5.4.1}{\376\377\004\041\004\074\004\065\004\075\004\060\000\040\004\103\004\063\004\073\004\076\004\062\000\040\004\076\004\061\004\067\004\076\004\100\004\060}{subsection.5.4}% 18
\BOOKMARK [3][-]{subsubsection.5.4.2}{\376\377\004\022\004\076\004\067\004\064\004\065\004\071\004\101\004\102\004\062\004\070\004\065\000\040\004\075\004\060\000\040\004\107\004\060\004\101\004\102\004\070\004\106\004\113\000\040\004\074\004\065\004\102\004\076\004\064\004\076\004\074\000\040\004\076\004\102\004\061\004\100\004\060\004\101\004\113\004\062\004\060\004\075\004\070\004\117\000\040\004\073\004\103\004\107\004\065\004\071}{subsection.5.4}% 19
\BOOKMARK [2][-]{subsection.5.5}{\376\377\004\040\004\065\004\060\004\073\004\070\004\067\004\060\004\106\004\070\004\117\000\040\004\064\004\065\004\074\004\076\004\075\004\101\004\102\004\100\004\060\004\106\004\070\004\076\004\075\004\075\004\076\004\063\004\076\000\040\004\077\004\100\004\070\004\074\004\065\004\100\004\060}{section.5}% 20
\BOOKMARK [3][-]{subsubsection.5.5.1}{\376\377\004\023\004\070\004\064\004\100\004\076\004\064\004\070\004\075\004\060\004\074\004\070\004\072\004\060\000\040\004\101\004\063\004\073\004\060\004\066\004\065\004\075\004\075\004\113\004\105\000\040\004\107\004\060\004\101\004\102\004\070\004\106}{subsection.5.5}% 21
\BOOKMARK [3][-]{subsubsection.5.5.2}{\376\377\004\037\004\076\004\070\004\101\004\072\000\040\004\061\004\073\004\070\004\066\004\060\004\071\004\110\004\070\004\105\000\040\004\107\004\060\004\101\004\102\004\070\004\106}{subsection.5.5}% 22
\BOOKMARK [3][-]{subsubsection.5.5.3}{\376\377\004\041\004\076\004\100\004\102\004\070\004\100\004\076\004\062\004\072\004\060}{subsection.5.5}% 23
\BOOKMARK [1][-]{section.6}{\376\377\004\042\004\065\004\101\004\102\004\070\004\100\004\076\004\062\004\060\004\075\004\070\004\065}{}% 24
\BOOKMARK [2][-]{subsection.6.1}{\376\377\004\037\004\100\004\076\004\070\004\067\004\062\004\076\004\064\004\070\004\102\004\065\004\073\004\114\004\075\004\076\004\101\004\102\004\114}{section.6}% 25
\BOOKMARK [2][-]{subsection.6.2}{\376\377\004\041\004\076\004\062\004\074\004\065\004\101\004\102\004\070\004\074\004\076\004\101\004\102\004\114}{section.6}% 26
\BOOKMARK [1][-]{section.7}{\376\377\004\040\004\103\004\072\004\076\004\062\004\076\004\064\004\101\004\102\004\062\004\076\000\040\004\077\004\076\004\073\004\114\004\067\004\076\004\062\004\060\004\102\004\065\004\073\004\117}{}% 27
\BOOKMARK [1][-]{section.8}{\376\377\004\022\004\075\004\065\004\064\004\100\004\065\004\075\004\070\004\065}{}% 28
\BOOKMARK [2][-]{subsection.8.1}{\376\377\004\043\004\107\004\065\004\061\004\075\004\113\004\065\000\040\004\072\004\103\004\100\004\101\004\113}{section.8}% 29
\BOOKMARK [2][-]{subsection.8.2}{\376\377\004\022\004\070\004\067\004\103\004\060\004\073\004\114\004\075\004\113\004\065\000\040\004\077\004\100\004\065\004\064\004\101\004\102\004\060\004\062\004\073\004\065\004\075\004\070\004\117\000\040\004\062\000\040\004\115\004\072\004\101\004\077\004\065\004\100\004\102\004\075\004\113\004\105\000\040\004\101\004\070\004\101\004\102\004\065\004\074\004\060\004\105}{section.8}% 30
\BOOKMARK [2][-]{subsection.8.3}{\376\377\004\030\004\063\004\100\004\076\004\062\004\060\004\117\000\040\004\070\004\075\004\064\004\103\004\101\004\102\004\100\004\070\004\117}{section.8}% 31
\BOOKMARK [1][-]{subsection.8.3}{\376\377\004\021\004\070\004\061\004\073\004\070\004\076\004\063\004\100\004\060\004\104\004\070\004\107\004\065\004\101\004\072\004\070\004\071\000\040\004\101\004\077\004\070\004\101\004\076\004\072}{}% 32
